2024-10-22T13:00:26.592+09:00  INFO 61355 --- [main] c.e.f.FirstprojectApplication            : Starting FirstprojectApplication using Java 17.0.12 with PID 61355 (/Users/user/github/firstproject/build/classes/java/main started by user in /Users/user/github/firstproject)
2024-10-22T13:00:26.593+09:00  INFO 61355 --- [main] c.e.f.FirstprojectApplication            : No active profile set, falling back to 1 default profile: "default"
2024-10-22T13:00:26.879+09:00  INFO 61355 --- [main] .s.d.r.c.RepositoryConfigurationDelegate : Bootstrapping Spring Data JPA repositories in DEFAULT mode.
2024-10-22T13:00:26.910+09:00  INFO 61355 --- [main] .s.d.r.c.RepositoryConfigurationDelegate : Finished Spring Data repository scanning in 22 ms. Found 2 JPA repository interfaces.
2024-10-22T13:00:27.174+09:00  INFO 61355 --- [main] o.s.b.w.embedded.tomcat.TomcatWebServer  : Tomcat initialized with port(s): 8080 (http)
2024-10-22T13:00:27.180+09:00  INFO 61355 --- [main] o.apache.catalina.core.StandardService   : Starting service [Tomcat]
2024-10-22T13:00:27.180+09:00  INFO 61355 --- [main] o.apache.catalina.core.StandardEngine    : Starting Servlet engine: [Apache Tomcat/10.1.8]
2024-10-22T13:00:27.234+09:00  INFO 61355 --- [main] o.a.c.c.C.[Tomcat].[localhost].[/]       : Initializing Spring embedded WebApplicationContext
2024-10-22T13:00:27.235+09:00  INFO 61355 --- [main] w.s.c.ServletWebServerApplicationContext : Root WebApplicationContext: initialization completed in 619 ms
2024-10-22T13:00:27.250+09:00  INFO 61355 --- [main] com.zaxxer.hikari.HikariDataSource       : HikariPool-1 - Starting...
2024-10-22T13:00:27.345+09:00  INFO 61355 --- [main] com.zaxxer.hikari.pool.HikariPool        : HikariPool-1 - Added connection conn0: url=jdbc:h2:mem:testdb user=SA
2024-10-22T13:00:27.346+09:00  INFO 61355 --- [main] com.zaxxer.hikari.HikariDataSource       : HikariPool-1 - Start completed.
2024-10-22T13:00:27.351+09:00  INFO 61355 --- [main] o.s.b.a.h2.H2ConsoleAutoConfiguration    : H2 console available at '/h2-console'. Database available at 'jdbc:h2:mem:testdb'
2024-10-22T13:00:27.419+09:00  INFO 61355 --- [main] o.hibernate.jpa.internal.util.LogHelper  : HHH000204: Processing PersistenceUnitInfo [name: default]
2024-10-22T13:00:27.448+09:00  INFO 61355 --- [main] org.hibernate.Version                    : HHH000412: Hibernate ORM core version 6.2.2.Final
2024-10-22T13:00:27.449+09:00  INFO 61355 --- [main] org.hibernate.cfg.Environment            : HHH000406: Using bytecode reflection optimizer
2024-10-22T13:00:27.506+09:00  INFO 61355 --- [main] o.h.b.i.BytecodeProviderInitiator        : HHH000021: Bytecode provider name : bytebuddy
2024-10-22T13:00:27.566+09:00  INFO 61355 --- [main] o.s.o.j.p.SpringPersistenceUnitInfo      : No LoadTimeWeaver setup: ignoring JPA class transformer
2024-10-22T13:00:27.593+09:00  INFO 61355 --- [main] org.hibernate.orm.dialect                : HHH035001: Using dialect: org.hibernate.dialect.H2Dialect, version: 2.1.214
2024-10-22T13:00:27.678+09:00  INFO 61355 --- [main] o.h.b.i.BytecodeProviderInitiator        : HHH000021: Bytecode provider name : bytebuddy
2024-10-22T13:00:27.940+09:00  INFO 61355 --- [main] o.h.e.t.j.p.i.JtaPlatformInitiator       : HHH000490: Using JtaPlatform implementation: [org.hibernate.engine.transaction.jta.platform.internal.NoJtaPlatform]
2024-10-22T13:00:27.946+09:00 DEBUG 61355 --- [main] org.hibernate.SQL                        : 
    drop table if exists article cascade 
2024-10-22T13:00:27.947+09:00 DEBUG 61355 --- [main] org.hibernate.SQL                        : 
    drop table if exists member cascade 
2024-10-22T13:00:27.947+09:00 DEBUG 61355 --- [main] org.hibernate.SQL                        : 
    drop sequence if exists member_seq
2024-10-22T13:00:27.949+09:00 DEBUG 61355 --- [main] org.hibernate.SQL                        : 
    create sequence member_seq start with 1 increment by 50
2024-10-22T13:00:27.951+09:00 DEBUG 61355 --- [main] org.hibernate.SQL                        : 
    create table article (
        is_checked boolean,
        id bigint generated by default as identity,
        email varchar(255),
        password varchar(255),
        primary key (id)
    )
2024-10-22T13:00:27.954+09:00 DEBUG 61355 --- [main] org.hibernate.SQL                        : 
    create table member (
        id bigint not null,
        email varchar(255),
        password varchar(255),
        primary key (id)
    )
2024-10-22T13:00:27.955+09:00  INFO 61355 --- [main] o.h.t.s.i.e.GenerationTargetToDatabase   : HHH000476: Executing script '[injected ScriptSourceInputNonExistentImpl script]'
2024-10-22T13:00:27.956+09:00  INFO 61355 --- [main] j.LocalContainerEntityManagerFactoryBean : Initialized JPA EntityManagerFactory for persistence unit 'default'
2024-10-22T13:00:28.093+09:00  WARN 61355 --- [main] JpaBaseConfiguration$JpaWebConfiguration : spring.jpa.open-in-view is enabled by default. Therefore, database queries may be performed during view rendering. Explicitly configure spring.jpa.open-in-view to disable this warning
2024-10-22T13:00:28.247+09:00  INFO 61355 --- [main] o.s.b.w.embedded.tomcat.TomcatWebServer  : Tomcat started on port(s): 8080 (http) with context path ''
2024-10-22T13:00:28.252+09:00  INFO 61355 --- [main] c.e.f.FirstprojectApplication            : Started FirstprojectApplication in 1.87 seconds (process running for 2.097)
2024-10-22T13:00:33.337+09:00  INFO 61355 --- [http-nio-8080-exec-1] o.a.c.c.C.[Tomcat].[localhost].[/]       : Initializing Spring DispatcherServlet 'dispatcherServlet'
2024-10-22T13:00:33.337+09:00  INFO 61355 --- [http-nio-8080-exec-1] o.s.web.servlet.DispatcherServlet        : Initializing Servlet 'dispatcherServlet'
2024-10-22T13:00:33.339+09:00  INFO 61355 --- [http-nio-8080-exec-1] o.s.web.servlet.DispatcherServlet        : Completed initialization in 2 ms
2024-10-22T13:00:33.385+09:00 DEBUG 61355 --- [http-nio-8080-exec-1] org.hibernate.SQL                        : 
    select
        a1_0.id,
        a1_0.email,
        a1_0.is_checked,
        a1_0.password 
    from
        article a1_0 
    where
        a1_0.id=?
2024-10-22T13:01:13.212+09:00  INFO 61355 --- [SpringApplicationShutdownHook] j.LocalContainerEntityManagerFactoryBean : Closing JPA EntityManagerFactory for persistence unit 'default'
2024-10-22T13:01:13.213+09:00  INFO 61355 --- [SpringApplicationShutdownHook] .SchemaDropperImpl$DelayedDropActionImpl : HHH000477: Starting delayed evictData of schema as part of SessionFactory shut-down'
2024-10-22T13:01:13.214+09:00 DEBUG 61355 --- [SpringApplicationShutdownHook] org.hibernate.SQL                        : 
    drop table if exists article cascade 
2024-10-22T13:01:13.368+09:00 DEBUG 61355 --- [SpringApplicationShutdownHook] org.hibernate.SQL                        : 
    drop table if exists member cascade 
2024-10-22T13:01:13.368+09:00 DEBUG 61355 --- [SpringApplicationShutdownHook] org.hibernate.SQL                        : 
    drop sequence if exists member_seq
2024-10-22T13:01:13.371+09:00  INFO 61355 --- [SpringApplicationShutdownHook] com.zaxxer.hikari.HikariDataSource       : HikariPool-1 - Shutdown initiated...
2024-10-22T13:01:13.381+09:00  INFO 61355 --- [SpringApplicationShutdownHook] com.zaxxer.hikari.HikariDataSource       : HikariPool-1 - Shutdown completed.
